Build started 08 Dec 2014 11:44:30 PM.
     1>Project "C:\Users\Jpro\Desktop\Stuff\CS179.14\HW03\VS2010 Solution\HW03\HW03\HW03.vcxproj" on node 2 (build target(s)).
     1>InitializeBuildStatus:
         Creating "Debug\HW03.unsuccessfulbuild" because "AlwaysCreate" was specified.
       ClCompile:
         C:\Program Files (x86)\Microsoft Visual Studio 10.0\VC\bin\CL.exe /c /I"C:\Users\Jpro\Desktop\Stuff\CS179.14\HW03\VS2010 Solution\HW03\\SDL\SDL2_gfx-1.0.1" /I"C:\Users\Jpro\Desktop\Stuff\CS179.14\HW03\VS2010 Solution\HW03\\SDL\SDL2-2.0.3\include" /ZI /nologo /W3 /WX- /Od /Oy- /D WIN32 /D _DEBUG /D _CONSOLE /D _UNICODE /D UNICODE /Gm /EHsc /RTC1 /MDd /GS /fp:precise /Zc:wchar_t /Zc:forScope /Fo"Debug\\" /Fd"Debug\vc100.pdb" /Gd /TP /analyze- /errorReport:prompt ..\..\..\main.cpp
         main.cpp
         All outputs are up-to-date.
       ManifestResourceCompile:
         All outputs are up-to-date.
       Link:
         C:\Program Files (x86)\Microsoft Visual Studio 10.0\VC\bin\link.exe /ERRORREPORT:PROMPT /OUT:"C:\Users\Jpro\Desktop\Stuff\CS179.14\HW03\VS2010 Solution\HW03\Debug\HW03.exe" /INCREMENTAL /NOLOGO /LIBPATH:"C:\Users\Jpro\Desktop\Stuff\CS179.14\HW03\VS2010 Solution\HW03\\SDL\SDL2-2.0.3\lib\x86" SDL2.lib SDL2main.lib kernel32.lib user32.lib gdi32.lib winspool.lib comdlg32.lib advapi32.lib shell32.lib ole32.lib oleaut32.lib uuid.lib odbc32.lib odbccp32.lib /MANIFEST /ManifestFile:"Debug\HW03.exe.intermediate.manifest" /MANIFESTUAC:"level='asInvoker' uiAccess='false'" /DEBUG /PDB:"C:\Users\Jpro\Desktop\Stuff\CS179.14\HW03\VS2010 Solution\HW03\Debug\HW03.pdb" /SUBSYSTEM:CONSOLE /TLBID:1 /DYNAMICBASE /NXCOMPAT /IMPLIB:"C:\Users\Jpro\Desktop\Stuff\CS179.14\HW03\VS2010 Solution\HW03\Debug\HW03.lib" /MACHINE:X86 Debug\HW03.exe.embed.manifest.res
         Debug\main.obj
         Debug\SDL2_gfxPrimitives.obj
         Debug\SDL2_rotozoom.obj
       Manifest:
         C:\Program Files (x86)\Microsoft SDKs\Windows\v7.0A\bin\mt.exe /nologo /verbose /out:"Debug\HW03.exe.embed.manifest" /manifest Debug\HW03.exe.intermediate.manifest
         All outputs are up-to-date.
       LinkEmbedManifest:
         All outputs are up-to-date.
         HW03.vcxproj -> C:\Users\Jpro\Desktop\Stuff\CS179.14\HW03\VS2010 Solution\HW03\Debug\HW03.exe
       FinalizeBuildStatus:
         Deleting file "Debug\HW03.unsuccessfulbuild".
         Touching "Debug\HW03.lastbuildstate".
     1>Done Building Project "C:\Users\Jpro\Desktop\Stuff\CS179.14\HW03\VS2010 Solution\HW03\HW03\HW03.vcxproj" (build target(s)).

Build succeeded.

Time Elapsed 00:00:00.90
